{
  "stats": {
    "suites": 1,
    "tests": 3,
    "passes": 2,
    "pending": 0,
    "failures": 1,
    "start": "2024-03-30T10:11:39.766Z",
    "end": "2024-03-30T10:12:14.874Z",
    "duration": 35108,
    "testsRegistered": 3,
    "passPercent": 66.66666666666666,
    "pendingPercent": 0,
    "other": 0,
    "hasOther": false,
    "skipped": 0,
    "hasSkipped": false
  },
  "results": [
    {
      "uuid": "898ac1cc-4d87-4fd7-9a37-ebead81425b3",
      "title": "",
      "fullFile": "cypress\\e2e\\HWLesson17.cy.js",
      "file": "cypress\\e2e\\HWLesson17.cy.js",
      "beforeHooks": [],
      "afterHooks": [],
      "tests": [],
      "suites": [
        {
          "uuid": "3f57034e-d175-4c9a-8ab6-14b5353911aa",
          "title": "template spec",
          "fullFile": "",
          "file": "",
          "beforeHooks": [],
          "afterHooks": [],
          "tests": [
            {
              "title": "checkMandatory",
              "fullTitle": "template spec checkMandatory",
              "timedOut": null,
              "duration": 9307,
              "state": "passed",
              "speed": "medium",
              "pass": true,
              "fail": false,
              "pending": false,
              "context": null,
              "code": "cy.visit('https://qauto.forstudy.space/panel/garage', {\n  failOnStatusCode: false,\n  auth: {\n    username: 'guest',\n    password: 'welcome2qauto'\n  }\n});\n//Check that all fields are mandatory\ncy.get('[class=\"hero-descriptor_btn btn btn-primary\"]').should('be.visible').click();\ncy.get('[name=\"name\"]').type('Serhii');\ncy.get('button[class=\"btn btn-primary\"]').should('not.be.enabled');\ncy.get('[name=\"lastName\"]').type('Honcharenko');\ncy.get('button[class=\"btn btn-primary\"]').should('not.be.enabled');\ncy.get('[formcontrolname=\"email\"]').type('koko000@gmail.com');\ncy.get('button[class=\"btn btn-primary\"]').should('not.be.enabled');\ncy.get('#signupPassword').type('11111111Qq');\ncy.get('button[class=\"btn btn-primary\"]').should('not.be.enabled');\ncy.get('#signupRepeatPassword').type('11111111Qq');\ncy.get('button[class=\"btn btn-primary\"]').should('be.enabled');\ncy.get('[name=\"name\"]').clear();\ncy.get('[name=\"lastName\"]').clear();\ncy.get('[formcontrolname=\"email\"]').clear();\ncy.get('#signupPassword').clear();\ncy.get('#signupRepeatPassword').clear();",
              "err": {},
              "uuid": "2b367d47-f094-4cfb-b164-280cd643498a",
              "parentUUID": "3f57034e-d175-4c9a-8ab6-14b5353911aa",
              "isHook": false,
              "skipped": false
            },
            {
              "title": "checkFields",
              "fullTitle": "template spec checkFields",
              "timedOut": null,
              "duration": 17357,
              "state": "failed",
              "speed": null,
              "pass": false,
              "fail": true,
              "pending": false,
              "context": "{\n  \"title\": \"cypress-mochawesome-reporter-screenshots\",\n  \"value\": [\n    [\n      \"\\\\HWLesson17.cy.js\\\\template spec -- checkFields (failed).png\"\n    ]\n  ]\n}",
              "code": "cy.visit('https://qauto.forstudy.space/panel/garage', {\n  failOnStatusCode: false,\n  auth: {\n    username: 'guest',\n    password: 'welcome2qauto'\n  }\n});\n//Name filed\ncy.get('[class=\"hero-descriptor_btn btn btn-primary\"]').should('be.visible').click();\ncy.get(' form > div:nth-child(1) > label').should('have.text', 'Name');\ncy.get('[name=\"name\"]').click();\ncy.get(' div.modal-header').click();\ncy.get('[class=\"invalid-feedback\"]').should('have.text', 'Name required');\ncy.get('[name=\"name\"]').type('1');\ncy.get(' form > div:nth-child(1) > div > p:nth-child(1)').should('have.text', 'Name is invalid');\ncy.get(' form > div:nth-child(1) > div > p:nth-child(2)').should('have.text', 'Name has to be from 2 to 20 characters long');\ncy.get('[name=\"name\"]').clear();\ncy.get('[name=\"name\"]').type('aaaaaaaaaaaaaaaaaaaaa');\ncy.get('form > div:nth-child(1) > div > p').should('have.text', 'Name has to be from 2 to 20 characters long');\ncy.get('#signupName').should('have.css', 'border-color', 'rgb(220, 53, 69)'); //border color\ncy.get('[name=\"name\"]').clear();\ncy.get('[name=\"name\"]').type('фвфівфівфв');\ncy.get(' form > div:nth-child(1) > div > p:nth-child(1)').should('have.text', 'Name is invalid');\ncy.get('[name=\"name\"]').clear();\ncy.get('[name=\"name\"]').type('Serhi i');\ncy.get(' form > div:nth-child(1) > div > p:nth-child(1)').should('have.text', 'Name is invalid');\ncy.get('[name=\"name\"]').clear();\ncy.get('[name=\"name\"]').type('Serhii');\ncy.get(' form > div:nth-child(1) > div > p:nth-child(1)').should('not.exist');\n//Last name field\ncy.get('[name=\"lastName\"]').click();\ncy.get('[class=\"modal-title\"]').click();\ncy.get('form div:nth-child(2) > div > p').should('have.text', 'Last name required');\ncy.get('[name=\"lastName\"]').type('1');\ncy.get('form > div:nth-child(2) > div > p:nth-child(1)').should('have.text', 'Last name is invalid');\ncy.get(' form > div:nth-child(2) > div > p:nth-child(2)').should('have.text', 'Last name has to be from 2 to 20 characters long');\ncy.get('[name=\"lastName\"]').clear();\ncy.get('[name=\"lastName\"]').type('aaaaaaaaaaaaaaaaaaaaa');\ncy.get('form > div:nth-child(2) > div > p:nth-child(1)').should('have.text', 'Last name has to be from 2 to 20 characters long');\ncy.get('[name=\"lastName\"]').should('have.css', 'border-color', 'rgb(220, 53, 69)'); //border color\ncy.get('[name=\"lastName\"]').clear();\ncy.get('[name=\"lastName\"]').type('Honcha renko');\ncy.get('form > div:nth-child(2) > div > p:nth-child(1)').should('have.text', 'Last name is invalid');\ncy.get('[name=\"lastName\"]').clear();\ncy.get('[name=\"lastName\"]').type('Honcharenko');\ncy.get(' form > div:nth-child(2) > div > p:nth-child(1)').should('not.exist');\n//Email\ncy.get(' form > div:nth-child(3) > label').should('have.text', 'Email');\ncy.get('[formcontrolname=\"email\"]').click();\ncy.get('[class=\"modal-title\"]').click();\ncy.get('div:nth-child(3) > div > p').should('have.text', 'Email required');\ncy.get('[formcontrolname=\"email\"]').type('1');\ncy.get('div:nth-child(3) > div > p').should('have.text', 'Email is incorrect');\ncy.get('[formcontrolname=\"email\"]').should('have.css', 'border-color', 'rgb(220, 53, 69)');\ncy.get('[formcontrolname=\"email\"]').clear();\ncy.get('[formcontrolname=\"email\"]').type('koko000@gmail.com');\ncy.get('div:nth-child(3) > div > p').should('not.exist');\n//Password\ncy.get('form > div:nth-child(4) > label').should('have.text', 'Password');\ncy.get('#signupPassword').click();\ncy.get('[class=\"modal-title\"]').click();\ncy.get('form > div:nth-child(4) > div > p').should('have.text', 'Password required');\ncy.get('#signupPassword').type(1);\ncy.get('div:nth-child(4) > div > p').should('have.text', 'Password has to be from 8 to 15 characters long and contain at least one integer, one capital, and one small letter');\ncy.get('#signupPassword').should('have.css', 'border-color', 'rgb(220, 53, 69)'); //border color\ncy.get('#signupPassword').clear();\ncy.get('#signupPassword').type(1234567899999999);\ncy.get('div:nth-child(4) > div > p').should('have.text', 'Password has to be from 8 to 15 characters long and contain at least one integer, one capital, and one small letter');\ncy.get('#signupPassword').clear();\ncy.get('#signupPassword').type('11111111Qq');\ncy.get('div:nth-child(4) > div > p').should('not.exist');\n//Re-enter password\ncy.get('[for=\"signupRepeatPassword\"]').should('have.text', 'Re-enter password');\ncy.get('#signupRepeatPassword').click();\ncy.get('[class=\"modal-title\"]').click();\ncy.get(' div:nth-child(5) > div > p').should('have.text', 'Re-enter password required');\ncy.get('#signupRepeatPassword').should('have.css', 'border-color', 'rgb(220, 53, 69)');\ncy.get('#signupRepeatPassword').type('1');\ncy.get('div:nth-child(5) > div > p').should('have.text', 'Password has to be from 8 to 15 characters long and contain at least one integer, one capital, and one small letter');\ncy.get('#signupRepeatPassword').clear();\ncy.get('#signupRepeatPassword').type('11111111Qqq');\ncy.get(' div:nth-child(5) > div > p').should('have.text', 'Passwords do not match');\n//cheking enable or disable button\ncy.get('button[class=\"btn btn-primary\"]').should('not.be.enabled'); //register button is not enabled\ncy.get('#signupRepeatPassword').clear();\ncy.get('#signupRepeatPassword').type('11111111Qq');\ncy.get('button[class=\"btn btn-primary\"]').should('be.enabled'); //register button is enabled\ncy.get('button[class=\"btn btn-primary\"]').click();\ncy.get('div.panel-page_heading.d-flex.justify-content-between > h1').should('have.text', 'Garage');",
              "err": {
                "message": "AssertionError: Timed out retrying after 4000ms: Expected to find element: `div.panel-page_heading.d-flex.justify-content-between > h1`, but never found it.",
                "estack": "AssertionError: Timed out retrying after 4000ms: Expected to find element: `div.panel-page_heading.d-flex.justify-content-between > h1`, but never found it.\n    at Context.eval (webpack://course-aqa/./cypress/e2e/HWLesson17.cy.js:130:73)",
                "diff": null
              },
              "uuid": "b2ad3ae6-b65e-4d9c-97bb-25b9f28b6c67",
              "parentUUID": "3f57034e-d175-4c9a-8ab6-14b5353911aa",
              "isHook": false,
              "skipped": false
            },
            {
              "title": "LogIn",
              "fullTitle": "template spec LogIn",
              "timedOut": null,
              "duration": 3933,
              "state": "passed",
              "speed": "fast",
              "pass": true,
              "fail": false,
              "pending": false,
              "context": null,
              "code": "cy.visit('https://qauto.forstudy.space/panel/garage', {\n  failOnStatusCode: false,\n  auth: {\n    username: 'guest',\n    password: 'welcome2qauto'\n  }\n});\n//Log in\ncy.get('[class=\"btn btn-outline-white header_signin\"]').should('be.visible').click();\ncy.get('[type=\"text\"]').type('koko000@gmail.com');\ncy.get('[type=\"password\"]').type('11111111Qq');\ncy.get('[class=\"btn btn-primary\"]').click();\ncy.get('div.panel-page_heading.d-flex.justify-content-between > h1').should('have.text', 'Garage');",
              "err": {},
              "uuid": "53fff917-aa8e-4a8c-9265-160eb4c19613",
              "parentUUID": "3f57034e-d175-4c9a-8ab6-14b5353911aa",
              "isHook": false,
              "skipped": false
            }
          ],
          "suites": [],
          "passes": [
            "2b367d47-f094-4cfb-b164-280cd643498a",
            "53fff917-aa8e-4a8c-9265-160eb4c19613"
          ],
          "failures": [
            "b2ad3ae6-b65e-4d9c-97bb-25b9f28b6c67"
          ],
          "pending": [],
          "skipped": [],
          "duration": 30597,
          "root": false,
          "rootEmpty": false,
          "_timeout": 2000
        }
      ],
      "passes": [],
      "failures": [],
      "pending": [],
      "skipped": [],
      "duration": 0,
      "root": true,
      "rootEmpty": true,
      "_timeout": 2000
    }
  ],
  "meta": {
    "mocha": {
      "version": "7.0.1"
    },
    "mochawesome": {
      "options": {
        "quiet": false,
        "reportFilename": "mochawesome",
        "saveHtml": false,
        "saveJson": true,
        "consoleReporter": "spec",
        "useInlineDiffs": false,
        "code": true
      },
      "version": "7.1.3"
    },
    "marge": {
      "options": {
        "overwrite": false,
        "html": false,
        "json": true,
        "reportDir": "cypress\\reports\\html\\.jsons"
      },
      "version": "6.2.0"
    }
  }
}